<?xml version="1.0" encoding="UTF-8"?>
<!-- Generated by org.testng.reporters.JUnitXMLReporter -->
<testsuite ignored="0" hostname="wca-s647039" failures="1" tests="6" name="test" time="30.026" errors="0" timestamp="2023-02-14T17:04:44 MSK">
  <testcase classname="herokuapp.AddAndRemoveElements" name="addAndRemoveElementsTest" time="0.904"/>
  <testcase classname="herokuapp.Checkboxes" name="markingCheckboxesTest" time="0.707"/>
  <testcase classname="herokuapp.Dropdown" name="selectOptionTest" time="1.2"/>
  <testcase classname="herokuapp.Inputs" name="inputValuesTest" time="0.836"/>
  <testcase classname="herokuapp.Hovers" name="hoversTest" time="1.097">
    <failure type="org.openqa.selenium.WebDriverException" message="TypeError: rect is undefined
Build info: version: &amp;apos;4.8.0&amp;apos;, revision: &amp;apos;267030adea&amp;apos;
System info: os.name: &amp;apos;Windows 10&amp;apos;, os.arch: &amp;apos;amd64&amp;apos;, os.version: &amp;apos;10.0&amp;apos;, java.version: &amp;apos;19.0.2&amp;apos;
Driver info: org.openqa.selenium.firefox.FirefoxDriver
Command: [835d3c03-e9cc-4fbf-98fb-1126bdc652a6, actions {actions=[org.openqa.selenium.interactions.Sequence@5da1ff67]}]
Capabilities {acceptInsecureCerts: true, browserName: firefox, browserVersion: 102.5.0, moz:accessibilityChecks: false, moz:buildID: 20221107191025, moz:debuggerAddress: localhost:39994, moz:geckodriverVersion: 0.31.0, moz:headless: false, moz:processID: 14624, moz:profile: C:\TEMP\B00044~1\rust_mozpr..., moz:shutdownTimeout: 60000, moz:useNonSpecCompliantPointerOrigin: false, moz:webdriverClick: true, moz:windowless: false, pageLoadStrategy: normal, platformName: WINDOWS, platformVersion: 10.0, proxy: Proxy(), se:cdp: ws://localhost:39994/devtoo..., se:cdpVersion: 85.0, setWindowRect: true, strictFileInteractability: false, timeouts: {implicit: 0, pageLoad: 300000, script: 30000}, unhandledPromptBehavior: dismiss and notify}
Session ID: 835d3c03-e9cc-4fbf-98fb-1126bdc652a6">
      <![CDATA[org.openqa.selenium.WebDriverException: TypeError: rect is undefined
Build info: version: '4.8.0', revision: '267030adea'
System info: os.name: 'Windows 10', os.arch: 'amd64', os.version: '10.0', java.version: '19.0.2'
Driver info: org.openqa.selenium.firefox.FirefoxDriver
Command: [835d3c03-e9cc-4fbf-98fb-1126bdc652a6, actions {actions=[org.openqa.selenium.interactions.Sequence@5da1ff67]}]
Capabilities {acceptInsecureCerts: true, browserName: firefox, browserVersion: 102.5.0, moz:accessibilityChecks: false, moz:buildID: 20221107191025, moz:debuggerAddress: localhost:39994, moz:geckodriverVersion: 0.31.0, moz:headless: false, moz:processID: 14624, moz:profile: C:\TEMP\B00044~1\rust_mozpr..., moz:shutdownTimeout: 60000, moz:useNonSpecCompliantPointerOrigin: false, moz:webdriverClick: true, moz:windowless: false, pageLoadStrategy: normal, platformName: WINDOWS, platformVersion: 10.0, proxy: Proxy(), se:cdp: ws://localhost:39994/devtoo..., se:cdpVersion: 85.0, setWindowRect: true, strictFileInteractability: false, timeouts: {implicit: 0, pageLoad: 300000, script: 30000}, unhandledPromptBehavior: dismiss and notify}
Session ID: 835d3c03-e9cc-4fbf-98fb-1126bdc652a6
at org.openqa.selenium.remote.codec.w3c.W3CHttpResponseCodec.createException(W3CHttpResponseCodec.java:200)
at org.openqa.selenium.remote.codec.w3c.W3CHttpResponseCodec.decode(W3CHttpResponseCodec.java:133)
at org.openqa.selenium.remote.codec.w3c.W3CHttpResponseCodec.decode(W3CHttpResponseCodec.java:53)
at org.openqa.selenium.remote.HttpCommandExecutor.execute(HttpCommandExecutor.java:184)
at org.openqa.selenium.remote.service.DriverCommandExecutor.invokeExecute(DriverCommandExecutor.java:167)
at org.openqa.selenium.remote.service.DriverCommandExecutor.execute(DriverCommandExecutor.java:142)
at org.openqa.selenium.remote.RemoteWebDriver.execute(RemoteWebDriver.java:543)
at org.openqa.selenium.remote.RemoteWebDriver.perform(RemoteWebDriver.java:611)
at org.openqa.selenium.interactions.Actions$BuiltAction.perform(Actions.java:567)
at herokuapp.Hovers.hoversTest(Hovers.java:32)
at java.base/java.util.ArrayList.forEach(ArrayList.java:1511)
at java.base/java.util.concurrent.FutureTask.run(FutureTask.java:317)
at java.base/java.util.concurrent.ThreadPoolExecutor.runWorker(ThreadPoolExecutor.java:1144)
at java.base/java.util.concurrent.ThreadPoolExecutor$Worker.run(ThreadPoolExecutor.java:642)
at java.base/java.lang.Thread.run(Thread.java:1589)
... Removed 18 stack frames]]>
    </failure>
  </testcase> <!-- hoversTest -->
  <testcase classname="herokuapp.NotificationMessages" name="viewMessageTest" time="1.165"/>
</testsuite> <!-- test -->
